[2018-05-07 18:02:46,199][auto_search][INFO]:starting...
[2018-05-07 18:02:46,200][auto_search][INFO]:No parameter. The default parameter GerneralQuery is selected for query.
[2018-05-07 18:02:46,202][auto_search][INFO]:opening a browser...
[2018-05-07 18:02:46,209][auto_search][INFO]:saved index is:1519
[2018-05-07 18:02:56,116][auto_search][INFO]:allKeyWords=[],years=['2018', '2017', '2016', '2015', '2014', '2013', '2012', '2011', '2010', '2009', '2008', '2007', '2006', '2005', '2004', '2003', '2002', '2001', '2000', '1999', '1998', '1997'],subjectCodeIds=['F0208', 'F020801', 'F020802', 'F020803', 'F020804', 'F020805', 'F020806', 'F020807', 'F020808', 'F020809'],grantCodes=['220', '218', '222', '339', '429', '432', '433', '649', '579', '630', '631', '632', '635', '51', '52', '2699', '70', '7161']
[2018-05-07 18:03:00,245][auto_search][DEBUG]:query: subject:F020803,keyword:,grant:2699,year:2017,title:,共1条结果:
[2018-05-07 18:03:00,814][auto_search][DEBUG]:result: ,,,,,,,,2699,F020803,,2017
[2018-05-07 18:03:01,249][auto_search][DEBUG]:result: 1,61722206,F020803,网络资源共享与管理,刘方明,华中科技大学,130,2018-01至2020-12,2699,F020803,,2017
[2018-05-07 18:03:01,265][auto_search][INFO]:1520,F020803,,2699,2017
[2018-05-07 18:03:08,093][auto_search][INFO]:1521,F020803,,2699,2016
[2018-05-07 18:03:10,979][auto_search][INFO]:1522,F020803,,2699,2015
[2018-05-07 18:03:16,041][auto_search][INFO]:1523,F020803,,2699,2014
[2018-05-07 18:03:19,748][auto_search][DEBUG]:query: subject:F020803,keyword:,grant:2699,year:2013,title:,共1条结果:
[2018-05-07 18:03:20,109][auto_search][DEBUG]:result: ,,,,,,,,2699,F020803,,2013
[2018-05-07 18:03:20,434][auto_search][DEBUG]:result: 1,61322210,F020803,并行与分布式计算,廖小飞,华中科技大学,100,2014-01至2016-12,2699,F020803,,2013
[2018-05-07 18:03:20,439][auto_search][INFO]:1524,F020803,,2699,2013
[2018-05-07 18:03:23,408][auto_search][INFO]:1525,F020803,,2699,2012
[2018-05-07 18:03:31,300][auto_search][INFO]:1526,F020803,,2699,2011
[2018-05-07 18:03:36,551][auto_search][INFO]:1527,F020803,,2699,2010
[2018-05-07 18:03:39,491][auto_search][INFO]:1528,F020803,,2699,2009
[2018-05-07 18:03:43,938][auto_search][INFO]:1529,F020803,,2699,2008
[2018-05-07 18:03:49,478][auto_search][INFO]:1530,F020803,,2699,2007
[2018-05-07 18:03:53,787][auto_search][INFO]:1531,F020803,,2699,2006
[2018-05-07 18:03:56,501][auto_search][INFO]:1532,F020803,,2699,2005
[2018-05-07 18:03:59,821][auto_search][INFO]:1533,F020803,,2699,2004
[2018-05-07 18:04:04,143][auto_search][INFO]:1534,F020803,,2699,2003
[2018-05-07 18:04:08,381][auto_search][INFO]:1535,F020803,,2699,2002
[2018-05-07 18:04:11,390][auto_search][INFO]:1536,F020803,,2699,2001
[2018-05-07 18:04:21,838][auto_search][INFO]:1537,F020803,,2699,2000
[2018-05-07 18:04:28,661][auto_search][INFO]:1538,F020803,,2699,1999
[2018-05-07 18:04:31,452][auto_search][INFO]:1539,F020803,,2699,1998
[2018-05-07 18:04:35,790][auto_search][INFO]:1540,F020803,,2699,1997
[2018-05-07 18:04:43,017][auto_search][INFO]:1541,F020803,,70,2018
[2018-05-07 18:04:46,004][auto_search][DEBUG]:query: subject:F020803,keyword:,grant:70,year:2017,title:,共1条结果:
[2018-05-07 18:04:46,483][auto_search][DEBUG]:result: ,,,,,,,,70,F020803,,2017
[2018-05-07 18:04:46,812][auto_search][DEBUG]:result: 1,61741124,F020803,基于云-覆盖网混合结构的交互式视频点播技术研究,孔广黔,贵州大学,10,2018-01至2018-12,70,F020803,,2017
[2018-05-07 18:04:46,817][auto_search][INFO]:1542,F020803,,70,2017
[2018-05-07 18:04:50,112][auto_search][INFO]:1543,F020803,,70,2016
[2018-05-07 18:05:00,416][auto_search][INFO]:1544,F020803,,70,2015
[2018-05-07 18:05:06,313][auto_search][DEBUG]:query: subject:F020803,keyword:,grant:70,year:2014,title:,共1条结果:
[2018-05-07 18:05:06,888][auto_search][DEBUG]:result: ,,,,,,,,70,F020803,,2014
[2018-05-07 18:05:07,462][auto_search][DEBUG]:result: 1,61440024,F020803,SDN网络管理的信息模型融合问题研究,徐慧,湖北工业大学,9,2015-01至2015-12,70,F020803,,2014
[2018-05-07 18:05:07,466][auto_search][INFO]:1545,F020803,,70,2014
[2018-05-07 18:05:13,998][auto_search][INFO]:1546,F020803,,70,2013
[2018-05-07 18:05:17,514][auto_search][INFO]:1547,F020803,,70,2012
[2018-05-07 18:05:21,451][auto_search][INFO]:1548,F020803,,70,2011
[2018-05-07 18:05:26,089][auto_search][INFO]:1549,F020803,,70,2010
[2018-05-07 18:05:30,118][auto_search][INFO]:1550,F020803,,70,2009
[2018-05-07 18:05:33,262][auto_search][INFO]:1551,F020803,,70,2008
[2018-05-07 18:05:35,955][auto_search][INFO]:1552,F020803,,70,2007
[2018-05-07 18:05:40,122][auto_search][INFO]:1553,F020803,,70,2006
[2018-05-07 18:05:43,999][auto_search][INFO]:1554,F020803,,70,2005
[2018-05-07 18:05:49,322][auto_search][INFO]:1555,F020803,,70,2004
[2018-05-07 18:05:52,134][auto_search][INFO]:1556,F020803,,70,2003
[2018-05-07 18:05:56,379][auto_search][INFO]:1557,F020803,,70,2002
[2018-05-07 18:05:59,794][auto_search][INFO]:1558,F020803,,70,2001
[2018-05-07 18:06:03,734][auto_search][INFO]:1559,F020803,,70,2000
[2018-05-07 18:06:06,658][auto_search][INFO]:1560,F020803,,70,1999
[2018-05-07 18:06:09,851][auto_search][INFO]:1561,F020803,,70,1998
[2018-05-07 18:06:15,134][auto_search][INFO]:1562,F020803,,70,1997
[2018-05-07 18:06:20,783][auto_search][INFO]:1563,F020803,,7161,2018
[2018-05-07 18:06:28,839][auto_search][INFO]:1564,F020803,,7161,2017
[2018-05-07 18:06:32,149][auto_search][INFO]:1565,F020803,,7161,2016
[2018-05-07 18:06:38,465][auto_search][INFO]:1566,F020803,,7161,2015
[2018-05-07 18:06:44,232][auto_search][INFO]:1567,F020803,,7161,2014
[2018-05-07 18:06:47,104][auto_search][INFO]:1568,F020803,,7161,2013
[2018-05-07 18:06:52,104][auto_search][INFO]:1569,F020803,,7161,2012
[2018-05-07 18:06:57,677][auto_search][INFO]:1570,F020803,,7161,2011
[2018-05-07 18:07:00,951][auto_search][INFO]:1571,F020803,,7161,2010
[2018-05-07 18:07:03,693][auto_search][INFO]:1572,F020803,,7161,2009
[2018-05-07 18:07:07,720][auto_search][INFO]:1573,F020803,,7161,2008
[2018-05-07 18:07:10,785][auto_search][INFO]:1574,F020803,,7161,2007
[2018-05-07 18:07:16,318][auto_search][INFO]:1575,F020803,,7161,2006
[2018-05-07 18:07:19,226][auto_search][INFO]:1576,F020803,,7161,2005
[2018-05-07 18:07:30,353][auto_search][INFO]:1577,F020803,,7161,2004
[2018-05-07 18:07:33,328][auto_search][INFO]:1578,F020803,,7161,2003
[2018-05-07 18:07:36,685][auto_search][INFO]:1579,F020803,,7161,2002
[2018-05-07 18:07:39,990][auto_search][INFO]:1580,F020803,,7161,2001
[2018-05-07 18:07:42,873][auto_search][INFO]:1581,F020803,,7161,2000
[2018-05-07 18:07:45,751][auto_search][INFO]:1582,F020803,,7161,1999
[2018-05-07 18:07:49,087][auto_search][INFO]:1583,F020803,,7161,1998
[2018-05-07 18:07:57,836][auto_search][INFO]:1584,F020803,,7161,1997
[2018-05-07 18:08:01,276][auto_search][INFO]:1585,F020804,,220,2018
[2018-05-07 18:08:07,044][auto_search][INFO]:1586,F020804,,220,2017
[2018-05-07 18:08:10,781][auto_search][INFO]:1587,F020804,,220,2016
[2018-05-07 18:08:14,047][auto_search][INFO]:1588,F020804,,220,2015
[2018-05-07 18:08:21,973][auto_search][INFO]:1589,F020804,,220,2014
[2018-05-07 18:08:28,206][auto_search][INFO]:1590,F020804,,220,2013
[2018-05-07 18:08:31,227][auto_search][INFO]:1591,F020804,,220,2012
[2018-05-07 18:08:36,550][auto_search][INFO]:1592,F020804,,220,2011
[2018-05-07 18:08:42,365][auto_search][INFO]:1593,F020804,,220,2010
[2018-05-07 18:08:50,359][auto_search][INFO]:1594,F020804,,220,2009
[2018-05-07 18:09:11,649][auto_search][INFO]:1595,F020804,,220,2008
[2018-05-07 18:09:39,503][auto_search][INFO]:1596,F020804,,220,2007
[2018-05-07 18:10:05,799][auto_search][INFO]:1597,F020804,,220,2006
[2018-05-07 18:10:12,337][auto_search][INFO]:1598,F020804,,220,2005
[2018-05-07 18:10:20,158][auto_search][INFO]:1599,F020804,,220,2004
[2018-05-07 18:10:24,044][auto_search][INFO]:1600,F020804,,220,2003
[2018-05-07 18:10:24,046][auto_search][INFO]:restarting firefox...
[2018-05-07 18:10:34,072][auto_search][INFO]:restart done
[2018-05-07 18:10:40,136][auto_search][INFO]:1601,F020804,,220,2002
[2018-05-07 18:10:44,468][auto_search][INFO]:1602,F020804,,220,2001
[2018-05-07 18:10:50,162][auto_search][INFO]:1603,F020804,,220,2000
[2018-05-07 18:10:54,511][auto_search][INFO]:1604,F020804,,220,1999
[2018-05-07 18:10:58,492][auto_search][INFO]:1605,F020804,,220,1998
[2018-05-07 18:11:02,315][auto_search][INFO]:1606,F020804,,220,1997
[2018-05-07 18:11:06,146][auto_search][INFO]:1607,F020804,,218,2018
[2018-05-07 18:11:10,121][auto_search][INFO]:1608,F020804,,218,2017
[2018-05-07 18:11:14,473][auto_search][INFO]:1609,F020804,,218,2016
[2018-05-07 18:11:18,384][auto_search][INFO]:1610,F020804,,218,2015
[2018-05-07 18:11:22,546][auto_search][INFO]:1611,F020804,,218,2014
[2018-05-07 18:11:26,701][auto_search][INFO]:1612,F020804,,218,2013
[2018-05-07 18:11:30,815][auto_search][INFO]:1613,F020804,,218,2012
[2018-05-07 18:11:34,998][auto_search][INFO]:1614,F020804,,218,2011
[2018-05-07 18:11:39,090][auto_search][INFO]:1615,F020804,,218,2010
[2018-05-07 18:11:43,216][auto_search][INFO]:1616,F020804,,218,2009
[2018-05-07 18:11:47,260][auto_search][INFO]:1617,F020804,,218,2008
[2018-05-07 18:11:51,171][auto_search][INFO]:1618,F020804,,218,2007
[2018-05-07 18:11:55,283][auto_search][INFO]:1619,F020804,,218,2006
[2018-05-07 18:11:59,444][auto_search][INFO]:1620,F020804,,218,2005
[2018-05-07 18:12:03,836][auto_search][INFO]:1621,F020804,,218,2004
[2018-05-07 18:12:07,578][auto_search][INFO]:1622,F020804,,218,2003
[2018-05-07 18:12:11,403][auto_search][INFO]:1623,F020804,,218,2002
[2018-05-07 18:12:15,256][auto_search][INFO]:1624,F020804,,218,2001
[2018-05-07 18:12:19,132][auto_search][INFO]:1625,F020804,,218,2000
[2018-05-07 18:12:22,944][auto_search][INFO]:1626,F020804,,218,1999
[2018-05-07 18:12:28,348][auto_search][INFO]:1627,F020804,,218,1998
[2018-05-07 18:12:32,249][auto_search][INFO]:1628,F020804,,218,1997
[2018-05-07 18:12:36,119][auto_search][INFO]:1629,F020804,,222,2018
[2018-05-07 18:12:40,021][auto_search][INFO]:1630,F020804,,222,2017
[2018-05-07 18:12:43,865][auto_search][INFO]:1631,F020804,,222,2016
[2018-05-07 18:12:47,792][auto_search][INFO]:1632,F020804,,222,2015
[2018-05-07 18:12:51,674][auto_search][INFO]:1633,F020804,,222,2014
[2018-05-07 18:12:55,850][auto_search][INFO]:1634,F020804,,222,2013
[2018-05-07 18:12:59,862][auto_search][INFO]:1635,F020804,,222,2012
[2018-05-07 18:13:05,726][auto_search][INFO]:1636,F020804,,222,2011
[2018-05-07 18:13:09,693][auto_search][INFO]:1637,F020804,,222,2010
[2018-05-07 18:13:13,584][auto_search][INFO]:1638,F020804,,222,2009
[2018-05-07 18:13:17,825][auto_search][INFO]:1639,F020804,,222,2008
[2018-05-07 18:13:22,197][auto_search][INFO]:1640,F020804,,222,2007
[2018-05-07 18:13:26,377][auto_search][INFO]:1641,F020804,,222,2006
[2018-05-07 18:13:30,352][auto_search][INFO]:1642,F020804,,222,2005
[2018-05-07 18:13:34,889][auto_search][INFO]:1643,F020804,,222,2004
[2018-05-07 18:13:39,873][auto_search][INFO]:1644,F020804,,222,2003
[2018-05-07 18:13:45,678][auto_search][INFO]:1645,F020804,,222,2002
[2018-05-07 18:13:49,539][auto_search][INFO]:1646,F020804,,222,2001
[2018-05-07 18:13:53,747][auto_search][INFO]:1647,F020804,,222,2000
[2018-05-07 18:13:58,452][auto_search][INFO]:1648,F020804,,222,1999
[2018-05-07 18:14:02,269][auto_search][INFO]:1649,F020804,,222,1998
[2018-05-07 18:14:06,133][auto_search][INFO]:1650,F020804,,222,1997
[2018-05-07 18:14:10,357][auto_search][INFO]:1651,F020804,,339,2018
[2018-05-07 18:14:14,302][auto_search][INFO]:1652,F020804,,339,2017
[2018-05-07 18:14:18,290][auto_search][INFO]:1653,F020804,,339,2016
[2018-05-07 18:14:22,195][auto_search][INFO]:1654,F020804,,339,2015
[2018-05-07 18:14:26,258][auto_search][INFO]:1655,F020804,,339,2014
[2018-05-07 18:14:30,399][auto_search][INFO]:1656,F020804,,339,2013
[2018-05-07 18:14:34,247][auto_search][INFO]:1657,F020804,,339,2012
[2018-05-07 18:14:38,562][auto_search][INFO]:1658,F020804,,339,2011
[2018-05-07 18:14:42,788][auto_search][INFO]:1659,F020804,,339,2010
[2018-05-07 18:14:46,698][auto_search][INFO]:1660,F020804,,339,2009
[2018-05-07 18:14:51,876][auto_search][INFO]:1661,F020804,,339,2008
[2018-05-07 18:14:55,788][auto_search][INFO]:1662,F020804,,339,2007
[2018-05-07 18:15:00,144][auto_search][INFO]:1663,F020804,,339,2006
[2018-05-07 18:15:04,456][auto_search][INFO]:1664,F020804,,339,2005
[2018-05-07 18:15:08,485][auto_search][INFO]:1665,F020804,,339,2004
[2018-05-07 18:15:13,936][auto_search][INFO]:1666,F020804,,339,2003
[2018-05-07 18:15:17,934][auto_search][INFO]:1667,F020804,,339,2002
[2018-05-07 18:15:21,880][auto_search][INFO]:1668,F020804,,339,2001
[2018-05-07 18:15:25,783][auto_search][INFO]:1669,F020804,,339,2000
[2018-05-07 18:15:29,676][auto_search][INFO]:1670,F020804,,339,1999
[2018-05-07 18:15:33,663][auto_search][INFO]:1671,F020804,,339,1998
[2018-05-07 18:15:37,561][auto_search][INFO]:1672,F020804,,339,1997
[2018-05-07 18:15:44,623][auto_search][INFO]:1673,F020804,,429,2018
[2018-05-07 18:15:49,437][auto_search][INFO]:1674,F020804,,429,2017
[2018-05-07 18:15:53,341][auto_search][INFO]:1675,F020804,,429,2016
[2018-05-07 18:15:57,352][auto_search][INFO]:1676,F020804,,429,2015
[2018-05-07 18:16:01,251][auto_search][INFO]:1677,F020804,,429,2014
[2018-05-07 18:16:05,306][auto_search][INFO]:1678,F020804,,429,2013
[2018-05-07 18:16:09,401][auto_search][INFO]:1679,F020804,,429,2012
[2018-05-07 18:16:13,558][auto_search][INFO]:1680,F020804,,429,2011
[2018-05-07 18:16:17,873][auto_search][INFO]:1681,F020804,,429,2010
[2018-05-07 18:16:22,053][auto_search][INFO]:1682,F020804,,429,2009
[2018-05-07 18:16:25,955][auto_search][INFO]:1683,F020804,,429,2008
[2018-05-07 18:16:31,033][auto_search][INFO]:1684,F020804,,429,2007
[2018-05-07 18:16:34,945][auto_search][INFO]:1685,F020804,,429,2006
[2018-05-07 18:16:38,852][auto_search][INFO]:1686,F020804,,429,2005
[2018-05-07 18:16:43,626][auto_search][INFO]:1687,F020804,,429,2004
[2018-05-07 18:16:50,989][auto_search][INFO]:1688,F020804,,429,2003
[2018-05-07 18:16:55,105][auto_search][INFO]:1689,F020804,,429,2002
[2018-05-07 18:16:59,468][auto_search][INFO]:1690,F020804,,429,2001
[2018-05-07 18:17:03,930][auto_search][INFO]:1691,F020804,,429,2000
[2018-05-07 18:17:07,812][auto_search][INFO]:1692,F020804,,429,1999
[2018-05-07 18:17:13,676][auto_search][INFO]:1693,F020804,,429,1998
[2018-05-07 18:17:19,449][auto_search][INFO]:1694,F020804,,429,1997
[2018-05-07 18:17:23,609][auto_search][INFO]:1695,F020804,,432,2018
[2018-05-07 18:17:27,496][auto_search][INFO]:1696,F020804,,432,2017
[2018-05-07 18:17:31,470][auto_search][INFO]:1697,F020804,,432,2016
[2018-05-07 18:17:36,146][auto_search][INFO]:1698,F020804,,432,2015
[2018-05-07 18:17:40,186][auto_search][INFO]:1699,F020804,,432,2014
[2018-05-07 18:17:44,532][auto_search][INFO]:1700,F020804,,432,2013
[2018-05-07 18:17:44,535][auto_search][INFO]:restarting firefox...
[2018-05-07 18:17:55,814][auto_search][INFO]:restart done
[2018-05-07 18:17:59,514][auto_search][INFO]:1701,F020804,,432,2012
[2018-05-07 18:18:09,911][auto_search][INFO]:1702,F020804,,432,2011
[2018-05-07 18:18:18,513][auto_search][INFO]:1703,F020804,,432,2010
[2018-05-07 18:18:24,274][auto_search][INFO]:1704,F020804,,432,2009
[2018-05-07 18:18:27,558][auto_search][INFO]:1705,F020804,,432,2008
[2018-05-07 18:18:31,012][auto_search][INFO]:1706,F020804,,432,2007
[2018-05-07 18:18:34,341][auto_search][INFO]:1707,F020804,,432,2006
[2018-05-07 18:18:37,364][auto_search][INFO]:1708,F020804,,432,2005
[2018-05-07 18:18:42,879][auto_search][INFO]:1709,F020804,,432,2004
[2018-05-07 18:18:46,010][auto_search][INFO]:1710,F020804,,432,2003
[2018-05-07 18:18:52,461][auto_search][INFO]:1711,F020804,,432,2002
[2018-05-07 18:18:55,330][auto_search][INFO]:1712,F020804,,432,2001
[2018-05-07 18:18:59,429][auto_search][INFO]:1713,F020804,,432,2000
[2018-05-07 18:19:04,106][auto_search][INFO]:1714,F020804,,432,1999
[2018-05-07 18:19:09,794][auto_search][INFO]:1715,F020804,,432,1998
[2018-05-07 18:19:12,770][auto_search][INFO]:1716,F020804,,432,1997
[2018-05-07 18:19:18,546][auto_search][INFO]:1717,F020804,,433,2018
[2018-05-07 18:19:21,681][auto_search][INFO]:1718,F020804,,433,2017
[2018-05-07 18:19:24,812][auto_search][INFO]:1719,F020804,,433,2016
[2018-05-07 18:19:27,422][auto_search][INFO]:1720,F020804,,433,2015
[2018-05-07 18:19:31,930][auto_search][INFO]:1721,F020804,,433,2014
[2018-05-07 18:19:34,779][auto_search][INFO]:1722,F020804,,433,2013
[2018-05-07 18:19:41,605][auto_search][INFO]:1723,F020804,,433,2012
[2018-05-07 18:19:46,200][auto_search][DEBUG]:query: subject:F020804,keyword:,grant:433,year:2011,title:,共1条结果:
[2018-05-07 18:19:46,675][auto_search][DEBUG]:result: ,,,,,,,,433,F020804,,2011
[2018-05-07 18:19:47,028][auto_search][DEBUG]:result: 1,61111140391,F020804,云计算网络中极化MIMO-OFDM 中继通信和无线Mesh网络融合技术研究,陈志刚,中南大学,8,2011-07至2013-06,433,F020804,,2011
[2018-05-07 18:19:47,032][auto_search][INFO]:1724,F020804,,433,2011
[2018-05-07 18:19:51,158][auto_search][INFO]:1725,F020804,,433,2010
[2018-05-07 18:19:56,743][auto_search][INFO]:1726,F020804,,433,2009
[2018-05-07 18:20:01,606][auto_search][INFO]:1727,F020804,,433,2008
[2018-05-07 18:20:05,471][auto_search][INFO]:1728,F020804,,433,2007
[2018-05-07 18:20:11,841][auto_search][INFO]:1729,F020804,,433,2006
[2018-05-07 18:20:16,355][auto_search][INFO]:1730,F020804,,433,2005
[2018-05-07 18:20:24,521][auto_search][INFO]:1731,F020804,,433,2004
[2018-05-07 18:20:29,821][auto_search][INFO]:1732,F020804,,433,2003
[2018-05-07 18:20:33,185][auto_search][INFO]:1733,F020804,,433,2002
[2018-05-07 18:20:36,191][auto_search][INFO]:1734,F020804,,433,2001
[2018-05-07 18:20:39,232][auto_search][INFO]:1735,F020804,,433,2000
[2018-05-07 18:20:42,192][auto_search][INFO]:1736,F020804,,433,1999
[2018-05-07 18:20:49,783][auto_search][INFO]:1737,F020804,,433,1998
[2018-05-07 18:20:52,900][auto_search][INFO]:1738,F020804,,433,1997
[2018-05-07 18:20:55,799][auto_search][INFO]:1739,F020804,,649,2018
[2018-05-07 18:21:01,252][auto_search][INFO]:1740,F020804,,649,2017
[2018-05-07 18:21:04,255][auto_search][INFO]:1741,F020804,,649,2016
[2018-05-07 18:21:07,107][auto_search][INFO]:1742,F020804,,649,2015
[2018-05-07 18:21:14,740][auto_search][INFO]:1743,F020804,,649,2014
[2018-05-07 18:21:20,827][auto_search][INFO]:1744,F020804,,649,2013
[2018-05-07 18:21:24,484][auto_search][INFO]:1745,F020804,,649,2012
[2018-05-07 18:21:28,174][auto_search][INFO]:1746,F020804,,649,2011
[2018-05-07 18:21:33,341][auto_search][INFO]:1747,F020804,,649,2010
[2018-05-07 18:21:36,926][auto_search][INFO]:1748,F020804,,649,2009
[2018-05-07 18:21:41,487][auto_search][DEBUG]:query: subject:F020804,keyword:,grant:649,year:2008,title:,共1条结果:
[2018-05-07 18:21:42,065][auto_search][DEBUG]:result: ,,,,,,,,649,F020804,,2008
[2018-05-07 18:21:42,567][auto_search][DEBUG]:result: 1,60850003,F020804,基于超空间-子空间嵌入的互联网坐标方法及安全机制研究,邓北星,清华大学,20,2009-01至2010-12,649,F020804,,2008
[2018-05-07 18:21:42,586][auto_search][INFO]:1749,F020804,,649,2008
[2018-05-07 18:21:48,294][auto_search][INFO]:1750,F020804,,649,2007
[2018-05-07 18:21:52,035][auto_search][INFO]:1751,F020804,,649,2006
[2018-05-07 18:21:54,914][auto_search][INFO]:1752,F020804,,649,2005
[2018-05-07 18:21:57,906][auto_search][INFO]:1753,F020804,,649,2004
[2018-05-07 18:22:04,661][auto_search][INFO]:1754,F020804,,649,2003
[2018-05-07 18:22:08,567][auto_search][INFO]:1755,F020804,,649,2002
[2018-05-07 18:22:11,325][auto_search][INFO]:1756,F020804,,649,2001
[2018-05-07 18:22:16,411][auto_search][INFO]:1757,F020804,,649,2000
[2018-05-07 18:22:23,035][auto_search][INFO]:1758,F020804,,649,1999
[2018-05-07 18:22:25,841][auto_search][INFO]:1759,F020804,,649,1998
[2018-05-07 18:22:28,440][auto_search][INFO]:1760,F020804,,649,1997
[2018-05-07 18:22:31,234][auto_search][INFO]:1761,F020804,,579,2018
[2018-05-07 18:22:36,323][auto_search][INFO]:1762,F020804,,579,2017
[2018-05-07 18:22:39,226][auto_search][INFO]:1763,F020804,,579,2016
[2018-05-07 18:22:46,891][auto_search][INFO]:1764,F020804,,579,2015
[2018-05-07 18:22:51,021][auto_search][INFO]:1765,F020804,,579,2014
[2018-05-07 18:23:00,358][auto_search][INFO]:1766,F020804,,579,2013
[2018-05-07 18:23:03,695][auto_search][INFO]:1767,F020804,,579,2012
[2018-05-07 18:23:06,851][auto_search][INFO]:1768,F020804,,579,2011
[2018-05-07 18:23:10,084][auto_search][INFO]:1769,F020804,,579,2010
[2018-05-07 18:23:15,441][auto_search][INFO]:1770,F020804,,579,2009
[2018-05-07 18:23:18,632][auto_search][INFO]:1771,F020804,,579,2008
[2018-05-07 18:23:21,666][auto_search][INFO]:1772,F020804,,579,2007
[2018-05-07 18:23:25,999][auto_search][INFO]:1773,F020804,,579,2006
[2018-05-07 18:23:31,673][auto_search][INFO]:1774,F020804,,579,2005
[2018-05-07 18:23:34,519][auto_search][INFO]:1775,F020804,,579,2004
[2018-05-07 18:23:38,126][auto_search][INFO]:1776,F020804,,579,2003
[2018-05-07 18:23:45,749][auto_search][INFO]:1777,F020804,,579,2002
[2018-05-07 18:23:48,984][auto_search][INFO]:1778,F020804,,579,2001
[2018-05-07 18:23:51,917][auto_search][INFO]:1779,F020804,,579,2000
[2018-05-07 18:23:57,231][auto_search][INFO]:1780,F020804,,579,1999
[2018-05-07 18:23:59,901][auto_search][INFO]:1781,F020804,,579,1998
[2018-05-07 18:24:14,370][auto_search][INFO]:1782,F020804,,579,1997
[2018-05-07 18:24:20,766][auto_search][INFO]:1783,F020804,,630,2018
[2018-05-07 18:24:28,830][auto_search][DEBUG]:query: subject:F020804,keyword:,grant:630,year:2017,title:,共5条结果:
[2018-05-07 18:24:29,299][auto_search][DEBUG]:result: ,,,,,,,,630,F020804,,2017
[2018-05-07 18:24:29,645][auto_search][DEBUG]:result: 1,61702452,F020804,基于节点间距离分布的无线网络性能分析研究,童飞,浙江大学,25,2018-01至2020-12,630,F020804,,2017
[2018-05-07 18:24:29,980][auto_search][DEBUG]:result: 2,61702366,F020804,基于SDN的感知QoS路由机制研究,孙士民,天津工业大学,26,2018-01至2020-12,630,F020804,,2017
[2018-05-07 18:24:30,300][auto_search][DEBUG]:result: 3,61702011,F020804,射频供电物联网的能量分配与终端调度技术研究,何昕,安徽师范大学,26,2018-01至2020-12,630,F020804,,2017
[2018-05-07 18:24:30,606][auto_search][DEBUG]:result: 4,61702315,F020804,基于关键节点路由保护的域内路由可用性研究,耿海军,山西大学,21,2018-01至2020-12,630,F020804,,2017
[2018-05-07 18:24:30,955][auto_search][DEBUG]:result: 5,61702233,F020804,面向车联网大规模应用数据通信的高效可信传输机制研究,陈潇,江苏大学,25,2018-01至2020-12,630,F020804,,2017
[2018-05-07 18:24:30,960][auto_search][INFO]:1784,F020804,,630,2017
[2018-05-07 18:24:39,642][auto_search][DEBUG]:query: subject:F020804,keyword:,grant:630,year:2016,title:,共2条结果:
[2018-05-07 18:24:40,074][auto_search][DEBUG]:result: ,,,,,,,,630,F020804,,2016
[2018-05-07 18:24:40,393][auto_search][DEBUG]:result: 1,61602447,F020804,多跳无线网络多指标性能评价模型研究与应用,王琪,中国科学院计算技术研究所,20,2017-01至2019-12,630,F020804,,2016
[2018-05-07 18:24:40,700][auto_search][DEBUG]:result: 2,61602422,F020804,面向灾后应急通信的快速网络构建及性能优化研究,刘炜,郑州大学,20,2017-01至2019-12,630,F020804,,2016
[2018-05-07 18:24:40,703][auto_search][INFO]:1785,F020804,,630,2016
[2018-05-07 18:24:47,322][auto_search][DEBUG]:query: subject:F020804,keyword:,grant:630,year:2015,title:,共7条结果:
[2018-05-07 18:24:47,745][auto_search][DEBUG]:result: ,,,,,,,,630,F020804,,2015
[2018-05-07 18:24:48,058][auto_search][DEBUG]:result: 1,61502250,F020804,大规模网络中基于异构流量建模的动态流控方法研究,朱海婷,南京邮电大学,22,2016-01至2018-12,630,F020804,,2015
[2018-05-07 18:24:48,384][auto_search][DEBUG]:result: 2,61502249,F020804,面向无线异构网络中多媒体信息组播的多速率网络编码理论和应用研究,王磊,南京邮电大学,20,2016-01至2018-12,630,F020804,,2015
[2018-05-07 18:24:48,675][auto_search][DEBUG]:result: 3,61502385,F020804,基于群智能算法的IP网络QoS成组多播路由优化研究,刘庆,西安理工大学,20,2016-01至2018-12,630,F020804,,2015
[2018-05-07 18:24:50,093][auto_search][DEBUG]:result: 4,61502539,F020804,数据中心以太网拥塞控制,蒋万春,中南大学,21,2016-01至2018-12,630,F020804,,2015
[2018-05-07 18:24:51,619][auto_search][DEBUG]:result: 5,61502428,F020804,基于马尔科夫信道模型的无线网络通信系统时延性能研究,黄亮,浙江工业大学,21,2016-01至2018-12,630,F020804,,2015
[2018-05-07 18:24:51,909][auto_search][DEBUG]:result: 6,61502393,F020804,以内容为中心网络的自适应流媒体传输机制研究,褚伟波,西北工业大学,20,2016-01至2018-12,630,F020804,,2015
[2018-05-07 18:24:52,198][auto_search][DEBUG]:result: 7,61502167,F020804,基于聚类分析的高性能包分类技术研究,毕夏安,湖南师范大学,20,2016-01至2018-12,630,F020804,,2015
[2018-05-07 18:24:52,209][auto_search][INFO]:1786,F020804,,630,2015
[2018-05-07 18:24:55,233][auto_search][DEBUG]:query: subject:F020804,keyword:,grant:630,year:2014,title:,共7条结果:
[2018-05-07 18:24:55,616][auto_search][DEBUG]:result: ,,,,,,,,630,F020804,,2014
[2018-05-07 18:24:56,814][auto_search][DEBUG]:result: 1,61402297,F020804,用户行为分析与网络视频分发策略,周义朋,深圳大学,26,2015-01至2017-12,630,F020804,,2014
[2018-05-07 18:24:58,640][auto_search][DEBUG]:result: 2,61402114,F020804,面向无线网络的动态自适应视频流传输与缓存机制研究,徐跃东,复旦大学,26,2015-01至2017-12,630,F020804,,2014
[2018-05-07 18:24:59,004][auto_search][DEBUG]:result: 3,61402065,F020804,互联网时延测量与特性研究,徐川,重庆邮电大学,26,2015-01至2017-12,630,F020804,,2014
[2018-05-07 18:24:59,294][auto_search][DEBUG]:result: 4,61402013,F020804,基于主动探测的不确定环境下IP网丢包率推理机制研究,乔焰,安徽农业大学,26,2015-01至2017-12,630,F020804,,2014
[2018-05-07 18:25:00,364][auto_search][DEBUG]:result: 5,61402262,F020804,SDN数据面调度机制性能建模与用户体验质量优化的问题研究,刘磊,山东大学,26,2015-01至2017-12,630,F020804,,2014
[2018-05-07 18:25:00,796][auto_search][DEBUG]:result: 6,61402085,F020804,面向移动IPTV直播频道可用度的优化技术研究,赖俊宇,电子科技大学,24,2015-01至2017-12,630,F020804,,2014
[2018-05-07 18:25:01,220][auto_search][DEBUG]:result: 7,61402509,F020804,长尾延迟优化的在线数据密集型计算运行环境支撑技术研究,符永铨,中国人民解放军国防科技大学,24,2015-01至2017-12,630,F020804,,2014
[2018-05-07 18:25:01,224][auto_search][INFO]:1787,F020804,,630,2014
[2018-05-07 18:25:04,460][auto_search][DEBUG]:query: subject:F020804,keyword:,grant:630,year:2013,title:,共5条结果:
[2018-05-07 18:25:05,028][auto_search][DEBUG]:result: ,,,,,,,,630,F020804,,2013
[2018-05-07 18:25:05,338][auto_search][DEBUG]:result: 1,61303243,F020804,互联网新一代可靠域间路由算法研究,梁伟,中国科学院计算技术研究所,23,2014-01至2016-12,630,F020804,,2013
[2018-05-07 18:25:05,644][auto_search][DEBUG]:result: 2,61303234,F020804,云计算可信服务度量与评估模型研究,姜茸,云南大学,23,2014-01至2016-12,630,F020804,,2013
[2018-05-07 18:25:05,970][auto_search][DEBUG]:result: 3,61309031,F020804,云服务与网络服务一体化环境下的QoS保障机制研究,黄俊,重庆邮电大学,25,2014-01至2016-12,630,F020804,,2013
[2018-05-07 18:25:06,405][auto_search][DEBUG]:result: 4,61309020,F020804,高速自适应流量均衡交换技术研究,扈红超,中国人民解放军战略支援部队信息工程大学,23,2014-01至2016-12,630,F020804,,2013
[2018-05-07 18:25:06,748][auto_search][DEBUG]:result: 5,61300185,F020804,基于网络演算的通信系统建模理论及特性研究,高月红,北京邮电大学,22,2014-01至2016-12,630,F020804,,2013
[2018-05-07 18:25:06,752][auto_search][INFO]:1788,F020804,,630,2013
[2018-05-07 18:25:14,448][auto_search][DEBUG]:query: subject:F020804,keyword:,grant:630,year:2012,title:,共2条结果:
[2018-05-07 18:25:14,875][auto_search][DEBUG]:result: ,,,,,,,,630,F020804,,2012
[2018-05-07 18:25:15,249][auto_search][DEBUG]:result: 1,61202363,F020804,供应链信息系统的网络拓扑结构模型及其理论研究,许娜,山东建筑大学,22,2013-01至2015-12,630,F020804,,2012
[2018-05-07 18:25:15,579][auto_search][DEBUG]:result: 2,61202430,F020804,面向云数据中心节能降耗的网络优化控制技术研究,方维维,北京交通大学,23,2013-01至2015-12,630,F020804,,2012
[2018-05-07 18:25:15,584][auto_search][INFO]:1789,F020804,,630,2012
[2018-05-07 18:25:22,980][auto_search][DEBUG]:query: subject:F020804,keyword:,grant:630,year:2011,title:,共3条结果:
[2018-05-07 18:25:23,501][auto_search][DEBUG]:result: ,,,,,,,,630,F020804,,2011
[2018-05-07 18:25:23,856][auto_search][DEBUG]:result: 1,61100175,F020804,通讯网络中可变服务容量调度系统的性能建模、分析与优化,靳小龙,中国科学院计算技术研究所,22,2012-01至2014-12,630,F020804,,2011
[2018-05-07 18:25:24,389][auto_search][DEBUG]:result: 2,61100176,F020804,面向网络融合的服务覆盖技术研究,蒋海,中国科学院计算技术研究所,23,2012-01至2014-12,630,F020804,,2011
[2018-05-07 18:25:24,810][auto_search][DEBUG]:result: 3,61100206,F020804,基于概率图模型的分布数据流服务质量耦合机制研究,顾仁涛,北京邮电大学,21,2012-01至2014-12,630,F020804,,2011
[2018-05-07 18:25:24,813][auto_search][INFO]:1790,F020804,,630,2011
[2018-05-07 18:25:28,293][auto_search][INFO]:1791,F020804,,630,2010
[2018-05-07 18:25:31,769][auto_search][DEBUG]:query: subject:F020804,keyword:,grant:630,year:2009,title:,共4条结果:
[2018-05-07 18:25:32,315][auto_search][DEBUG]:result: ,,,,,,,,630,F020804,,2009
[2018-05-07 18:25:32,830][auto_search][DEBUG]:result: 1,60903168,F020804,无线传感器网络中QoS近似查询处理算法研究,余建平,湖南师范大学,17,2010-01至2012-12,630,F020804,,2009
[2018-05-07 18:25:33,422][auto_search][DEBUG]:result: 2,60903208,F020804,基于通用多核处理器平台的业务流并行测量方法研究,杨建华,中国科学院计算技术研究所,18,2010-01至2012-12,630,F020804,,2009
[2018-05-07 18:25:33,870][auto_search][DEBUG]:result: 3,60903192,F020804,认知无线网络的自适应QoS保证研究,黄晓霞,中国科学院深圳先进技术研究院,18,2010-01至2012-12,630,F020804,,2009
[2018-05-07 18:25:34,258][auto_search][DEBUG]:result: 4,60903176,F020804,具有在线智能识别能力的互联网应用行为区分模型,陈贞翔,济南大学,17,2010-01至2012-12,630,F020804,,2009
[2018-05-07 18:25:34,262][auto_search][INFO]:1792,F020804,,630,2009
[2018-05-07 18:25:45,832][auto_search][DEBUG]:query: subject:F020804,keyword:,grant:630,year:2008,title:,共1条结果:
[2018-05-07 18:25:46,304][auto_search][DEBUG]:result: ,,,,,,,,630,F020804,,2008
[2018-05-07 18:25:46,789][auto_search][DEBUG]:result: 1,60803119,F020804,P2P流媒体分发中的网络编码模型与算法研究,赵进,复旦大学,18,2009-01至2011-12,630,F020804,,2008
[2018-05-07 18:25:46,798][auto_search][INFO]:1793,F020804,,630,2008
[2018-05-07 18:25:53,660][auto_search][INFO]:1794,F020804,,630,2007
[2018-05-07 18:26:02,670][auto_search][DEBUG]:query: subject:F020804,keyword:,grant:630,year:2006,title:,共1条结果:
[2018-05-07 18:26:03,209][auto_search][DEBUG]:result: ,,,,,,,,630,F020804,,2006
[2018-05-07 18:26:03,633][auto_search][DEBUG]:result: 1,60603025,F020804,基于服务行为的Web服务合成研究,吴健,浙江大学,8,2007-01至2007-12,630,F020804,,2006
[2018-05-07 18:26:03,636][auto_search][INFO]:1795,F020804,,630,2006
[2018-05-07 18:26:07,583][auto_search][INFO]:1796,F020804,,630,2005
[2018-05-07 18:26:15,340][auto_search][INFO]:1797,F020804,,630,2004
[2018-05-07 18:26:23,075][auto_search][INFO]:1798,F020804,,630,2003
[2018-05-07 18:26:27,180][auto_search][INFO]:1799,F020804,,630,2002
[2018-05-07 18:26:31,420][auto_search][INFO]:1800,F020804,,630,2001
[2018-05-07 18:26:31,425][auto_search][INFO]:restarting firefox...
[2018-05-07 18:26:43,229][auto_search][INFO]:restart done
[2018-05-07 18:26:48,565][auto_search][INFO]:1801,F020804,,630,2000
[2018-05-07 18:26:55,591][auto_search][INFO]:1802,F020804,,630,1999
[2018-05-07 18:27:10,872][auto_search][INFO]:1803,F020804,,630,1998
[2018-05-07 18:27:14,952][auto_search][INFO]:1804,F020804,,630,1997
[2018-05-07 18:27:21,376][auto_search][INFO]:1805,F020804,,631,2018
[2018-05-07 18:27:24,272][auto_search][DEBUG]:query: subject:F020804,keyword:,grant:631,year:2017,title:,共2条结果:
[2018-05-07 18:27:24,905][auto_search][DEBUG]:result: ,,,,,,,,631,F020804,,2017
[2018-05-07 18:27:25,206][auto_search][DEBUG]:result: 1,61762053,F020804,数模协同视频软传输的编码及优化,谭彬,井冈山大学,39,2018-01至2021-12,631,F020804,,2017
[2018-05-07 18:27:25,480][auto_search][DEBUG]:result: 2,61762010,F020804,能量捕获无线网络运行规划与联合传输关键技术研究,李陶深,广西大学,38,2018-01至2021-12,631,F020804,,2017
[2018-05-07 18:27:25,483][auto_search][INFO]:1806,F020804,,631,2017
[2018-05-07 18:27:28,597][auto_search][INFO]:1807,F020804,,631,2016
[2018-05-07 18:27:36,343][auto_search][DEBUG]:query: subject:F020804,keyword:,grant:631,year:2015,title:,共1条结果:
[2018-05-07 18:27:36,675][auto_search][DEBUG]:result: ,,,,,,,,631,F020804,,2015
[2018-05-07 18:27:36,962][auto_search][DEBUG]:result: 1,61562006,F020804,移动环境下基于博弈论的能量感知协同内容分发策略研究,王高才,广西大学,37,2016-01至2019-12,631,F020804,,2015
[2018-05-07 18:27:36,965][auto_search][INFO]:1808,F020804,,631,2015
[2018-05-07 18:27:39,948][auto_search][DEBUG]:query: subject:F020804,keyword:,grant:631,year:2014,title:,共1条结果:
[2018-05-07 18:27:40,305][auto_search][DEBUG]:result: ,,,,,,,,631,F020804,,2014
[2018-05-07 18:27:40,602][auto_search][DEBUG]:result: 1,61462007,F020804,应用服务保障完成时限的网络传输机制研究,叶进,广西大学,45,2015-01至2018-12,631,F020804,,2014
[2018-05-07 18:27:40,605][auto_search][INFO]:1809,F020804,,631,2014
[2018-05-07 18:27:43,691][auto_search][DEBUG]:query: subject:F020804,keyword:,grant:631,year:2013,title:,共2条结果:
[2018-05-07 18:27:44,045][auto_search][DEBUG]:result: ,,,,,,,,631,F020804,,2013
[2018-05-07 18:27:44,346][auto_search][DEBUG]:result: 1,61363067,F020804,无线Mesh网络中基于定向天线的关键技术研究,李陶深,广西大学,45,2014-01至2017-12,631,F020804,,2013
[2018-05-07 18:27:44,629][auto_search][DEBUG]:result: 2,61363081,F020804,基于复杂网络理论的车载自组织网络拓扑动态性研究,冯慧芳,西北师范大学,46,2014-01至2017-12,631,F020804,,2013
[2018-05-07 18:27:44,632][auto_search][INFO]:1810,F020804,,631,2013
[2018-05-07 18:27:47,789][auto_search][DEBUG]:query: subject:F020804,keyword:,grant:631,year:2012,title:,共1条结果:
[2018-05-07 18:27:48,142][auto_search][DEBUG]:result: ,,,,,,,,631,F020804,,2012
[2018-05-07 18:27:48,438][auto_search][DEBUG]:result: 1,61262083,F020804,基于现代通信网络的具有广播服务机制的多服务器排队系统研究,孙斌,内蒙古科技大学,42,2013-01至2016-12,631,F020804,,2012
[2018-05-07 18:27:48,441][auto_search][INFO]:1811,F020804,,631,2012
[2018-05-07 18:27:53,198][auto_search][INFO]:1812,F020804,,631,2011
[2018-05-07 18:27:56,860][auto_search][DEBUG]:query: subject:F020804,keyword:,grant:631,year:2010,title:,共1条结果:
[2018-05-07 18:27:57,267][auto_search][DEBUG]:result: ,,,,,,,,631,F020804,,2010
[2018-05-07 18:27:57,609][auto_search][DEBUG]:result: 1,61063045,F020804,新一代互联网中基于可调度性的实时服务质量保证研究,王高才,广西大学,22,2011-01至2013-12,631,F020804,,2010
[2018-05-07 18:27:57,612][auto_search][INFO]:1813,F020804,,631,2010
[2018-05-07 18:28:01,905][auto_search][INFO]:1814,F020804,,631,2009
[2018-05-07 18:28:04,827][auto_search][INFO]:1815,F020804,,631,2008
[2018-05-07 18:28:08,140][auto_search][INFO]:1816,F020804,,631,2007
[2018-05-07 18:28:11,831][auto_search][INFO]:1817,F020804,,631,2006
[2018-05-07 18:28:22,297][auto_search][INFO]:1818,F020804,,631,2005
[2018-05-07 18:28:28,239][auto_search][INFO]:1819,F020804,,631,2004
[2018-05-07 18:28:35,603][auto_search][INFO]:1820,F020804,,631,2003
[2018-05-07 18:28:38,502][auto_search][INFO]:1821,F020804,,631,2002
[2018-05-07 18:28:44,009][auto_search][INFO]:1822,F020804,,631,2001
[2018-05-07 18:28:47,619][auto_search][INFO]:1823,F020804,,631,2000
[2018-05-07 18:28:51,763][auto_search][INFO]:1824,F020804,,631,1999
[2018-05-07 18:28:57,447][auto_search][INFO]:1825,F020804,,631,1998
[2018-05-07 18:29:01,571][auto_search][INFO]:1826,F020804,,631,1997
[2018-05-07 18:29:04,978][auto_search][INFO]:1827,F020804,,632,2018
[2018-05-07 18:29:07,770][auto_search][DEBUG]:query: subject:F020804,keyword:,grant:632,year:2017,title:,共1条结果:
[2018-05-07 18:29:08,135][auto_search][DEBUG]:result: ,,,,,,,,632,F020804,,2017
[2018-05-07 18:29:08,432][auto_search][DEBUG]:result: 1,61728207,F020804,如何把网络大数据变小：对虚拟略图的研究,陈世刚,中国科学技术大学苏州研究院,18,2018-01至2019-12,632,F020804,,2017
[2018-05-07 18:29:08,435][auto_search][INFO]:1828,F020804,,632,2017
[2018-05-07 18:29:11,950][auto_search][INFO]:1829,F020804,,632,2016
[2018-05-07 18:29:15,593][auto_search][INFO]:1830,F020804,,632,2015
[2018-05-07 18:29:18,571][auto_search][INFO]:1831,F020804,,632,2014
[2018-05-07 18:29:21,472][auto_search][INFO]:1832,F020804,,632,2013
[2018-05-07 18:29:25,347][auto_search][INFO]:1833,F020804,,632,2012
[2018-05-07 18:29:33,895][auto_search][INFO]:1834,F020804,,632,2011
[2018-05-07 18:29:37,710][auto_search][INFO]:1835,F020804,,632,2010
[2018-05-07 18:29:41,832][auto_search][INFO]:1836,F020804,,632,2009
[2018-05-07 18:29:46,071][auto_search][INFO]:1837,F020804,,632,2008
[2018-05-07 18:29:49,770][auto_search][INFO]:1838,F020804,,632,2007
[2018-05-07 18:29:52,496][auto_search][INFO]:1839,F020804,,632,2006
[2018-05-07 18:29:55,640][auto_search][INFO]:1840,F020804,,632,2005
[2018-05-07 18:30:00,909][auto_search][INFO]:1841,F020804,,632,2004
[2018-05-07 18:30:08,125][auto_search][INFO]:1842,F020804,,632,2003
[2018-05-07 18:30:11,867][auto_search][INFO]:1843,F020804,,632,2002
[2018-05-07 18:30:21,989][auto_search][INFO]:1844,F020804,,632,2001
[2018-05-07 18:30:24,748][auto_search][INFO]:1845,F020804,,632,2000
[2018-05-07 18:30:28,773][auto_search][INFO]:1846,F020804,,632,1999
[2018-05-07 18:30:31,968][auto_search][INFO]:1847,F020804,,632,1998
[2018-05-07 18:30:34,911][auto_search][INFO]:1848,F020804,,632,1997
[2018-05-07 18:30:40,064][auto_search][INFO]:1849,F020804,,635,2018
[2018-05-07 18:30:46,350][auto_search][INFO]:1850,F020804,,635,2017
[2018-05-07 18:30:50,926][auto_search][INFO]:1851,F020804,,635,2016
[2018-05-07 18:30:55,315][auto_search][INFO]:1852,F020804,,635,2015
[2018-05-07 18:31:01,478][auto_search][INFO]:1853,F020804,,635,2014
[2018-05-07 18:31:13,174][auto_search][INFO]:1854,F020804,,635,2013
[2018-05-07 18:31:18,213][auto_search][INFO]:1855,F020804,,635,2012
[2018-05-07 18:31:21,472][auto_search][INFO]:1856,F020804,,635,2011
[2018-05-07 18:31:26,861][auto_search][INFO]:1857,F020804,,635,2010
[2018-05-07 18:31:30,065][auto_search][INFO]:1858,F020804,,635,2009
[2018-05-07 18:31:32,814][auto_search][INFO]:1859,F020804,,635,2008
[2018-05-07 18:31:36,942][auto_search][INFO]:1860,F020804,,635,2007
[2018-05-07 18:31:39,762][auto_search][INFO]:1861,F020804,,635,2006
[2018-05-07 18:31:47,583][auto_search][INFO]:1862,F020804,,635,2005
[2018-05-07 18:31:54,758][auto_search][INFO]:1863,F020804,,635,2004
[2018-05-07 18:31:58,844][auto_search][INFO]:1864,F020804,,635,2003
[2018-05-07 18:32:04,976][auto_search][INFO]:1865,F020804,,635,2002
[2018-05-07 18:32:09,689][auto_search][INFO]:1866,F020804,,635,2001
[2018-05-07 18:32:12,500][auto_search][INFO]:1867,F020804,,635,2000
[2018-05-07 18:32:17,358][auto_search][INFO]:1868,F020804,,635,1999
[2018-05-07 18:32:20,059][auto_search][INFO]:1869,F020804,,635,1998
[2018-05-07 18:32:24,864][auto_search][INFO]:1870,F020804,,635,1997
[2018-05-07 18:32:37,943][auto_search][INFO]:1871,F020804,,51,2018
[2018-05-07 18:32:43,642][auto_search][INFO]:1872,F020804,,51,2017
[2018-05-07 18:32:47,779][auto_search][INFO]:1873,F020804,,51,2016
[2018-05-07 18:32:54,689][auto_search][INFO]:1874,F020804,,51,2015
[2018-05-07 18:32:57,610][auto_search][INFO]:1875,F020804,,51,2014
[2018-05-07 18:33:00,595][auto_search][INFO]:1876,F020804,,51,2013
[2018-05-07 18:33:06,378][auto_search][INFO]:1877,F020804,,51,2012
[2018-05-07 18:33:09,562][auto_search][INFO]:1878,F020804,,51,2011
[2018-05-07 18:33:14,204][auto_search][INFO]:1879,F020804,,51,2010
[2018-05-07 18:33:18,247][auto_search][INFO]:1880,F020804,,51,2009
[2018-05-07 18:33:29,293][auto_search][INFO]:1881,F020804,,51,2008
[2018-05-07 18:33:32,170][auto_search][INFO]:1882,F020804,,51,2007
[2018-05-07 18:33:37,175][auto_search][INFO]:1883,F020804,,51,2006
[2018-05-07 18:33:45,579][auto_search][INFO]:1884,F020804,,51,2005
[2018-05-07 18:33:54,716][auto_search][INFO]:1885,F020804,,51,2004
[2018-05-07 18:33:57,635][auto_search][INFO]:1886,F020804,,51,2003
[2018-05-07 18:34:05,431][auto_search][INFO]:1887,F020804,,51,2002
[2018-05-07 18:34:09,455][auto_search][INFO]:1888,F020804,,51,2001
[2018-05-07 18:34:12,570][auto_search][INFO]:1889,F020804,,51,2000
[2018-05-07 18:34:18,449][auto_search][INFO]:1890,F020804,,51,1999
[2018-05-07 18:34:25,554][auto_search][INFO]:1891,F020804,,51,1998
[2018-05-07 18:34:30,684][auto_search][INFO]:1892,F020804,,51,1997
[2018-05-07 18:34:34,724][auto_search][INFO]:1893,F020804,,52,2018
[2018-05-07 18:34:37,735][auto_search][INFO]:1894,F020804,,52,2017
[2018-05-07 18:34:40,563][auto_search][INFO]:1895,F020804,,52,2016
[2018-05-07 18:34:45,769][auto_search][INFO]:1896,F020804,,52,2015
[2018-05-07 18:34:48,681][auto_search][INFO]:1897,F020804,,52,2014
[2018-05-07 18:34:51,916][auto_search][INFO]:1898,F020804,,52,2013
[2018-05-07 18:34:55,336][auto_search][INFO]:1899,F020804,,52,2012
[2018-05-07 18:35:02,504][auto_search][INFO]:1900,F020804,,52,2011
[2018-05-07 18:35:02,508][auto_search][INFO]:restarting firefox...
[2018-05-07 18:35:16,925][auto_search][INFO]:restart done
[2018-05-07 18:35:21,816][auto_search][INFO]:1901,F020804,,52,2010
[2018-05-07 18:35:25,301][auto_search][INFO]:1902,F020804,,52,2009
[2018-05-07 18:35:29,320][auto_search][INFO]:1903,F020804,,52,2008
[2018-05-07 18:35:34,504][auto_search][INFO]:1904,F020804,,52,2007
[2018-05-07 18:35:43,291][auto_search][INFO]:1905,F020804,,52,2006
[2018-05-07 18:35:46,197][auto_search][INFO]:1906,F020804,,52,2005
[2018-05-07 18:35:52,506][auto_search][INFO]:1907,F020804,,52,2004
[2018-05-07 18:35:57,648][auto_search][INFO]:1908,F020804,,52,2003
[2018-05-07 18:36:01,677][auto_search][INFO]:1909,F020804,,52,2002
[2018-05-07 18:36:05,058][auto_search][INFO]:1910,F020804,,52,2001
[2018-05-07 18:36:11,311][auto_search][INFO]:1911,F020804,,52,2000
[2018-05-07 18:36:14,153][auto_search][INFO]:1912,F020804,,52,1999
[2018-05-07 18:36:16,962][auto_search][INFO]:1913,F020804,,52,1998
[2018-05-07 18:36:19,844][auto_search][INFO]:1914,F020804,,52,1997
[2018-05-07 18:36:22,886][auto_search][INFO]:1915,F020804,,2699,2018
[2018-05-07 18:36:28,424][auto_search][INFO]:1916,F020804,,2699,2017
[2018-05-07 18:36:31,380][auto_search][INFO]:1917,F020804,,2699,2016
[2018-05-07 18:36:35,602][auto_search][INFO]:1918,F020804,,2699,2015
[2018-05-07 18:36:39,954][auto_search][INFO]:1919,F020804,,2699,2014
[2018-05-07 18:36:43,778][auto_search][INFO]:1920,F020804,,2699,2013
[2018-05-07 18:36:47,231][auto_search][INFO]:1921,F020804,,2699,2012
[2018-05-07 18:36:50,972][auto_search][INFO]:1922,F020804,,2699,2011
[2018-05-07 18:37:00,282][auto_search][INFO]:1923,F020804,,2699,2010
[2018-05-07 18:37:05,383][auto_search][INFO]:1924,F020804,,2699,2009
[2018-05-07 18:37:11,146][auto_search][INFO]:1925,F020804,,2699,2008
[2018-05-07 18:37:17,770][auto_search][INFO]:1926,F020804,,2699,2007
[2018-05-07 18:37:20,806][auto_search][INFO]:1927,F020804,,2699,2006
[2018-05-07 18:37:24,377][auto_search][INFO]:1928,F020804,,2699,2005
[2018-05-07 18:37:29,879][auto_search][INFO]:1929,F020804,,2699,2004
[2018-05-07 18:37:33,767][auto_search][INFO]:1930,F020804,,2699,2003
[2018-05-07 18:37:40,304][auto_search][INFO]:1931,F020804,,2699,2002
[2018-05-07 18:37:45,475][auto_search][INFO]:1932,F020804,,2699,2001
[2018-05-07 18:37:52,953][auto_search][INFO]:1933,F020804,,2699,2000
[2018-05-07 18:37:57,156][auto_search][INFO]:1934,F020804,,2699,1999
[2018-05-07 18:38:08,834][auto_search][INFO]:1935,F020804,,2699,1998
[2018-05-07 18:38:14,319][auto_search][INFO]:1936,F020804,,2699,1997
[2018-05-07 18:38:20,190][auto_search][INFO]:1937,F020804,,70,2018
[2018-05-07 18:38:20,224][auto_search][ERROR]:Timeout loading page. try again...
[2018-05-07 18:38:20,227][auto_search][INFO]:restarting firefox...
