[2018-07-10 22:42:56,349][__main__][INFO]:GerneralQuery is executed...
[2018-07-10 22:42:56,350][__main__][INFO]:opening a browser...
[2018-07-10 22:42:56,351][__main__][INFO]:saved index is:2885
[2018-07-10 22:43:02,071][__main__][INFO]:GerneralQuery is executed...
[2018-07-10 22:43:02,072][__main__][INFO]:opening a browser...
[2018-07-10 22:43:02,072][__main__][INFO]:saved index is:2885
[2018-07-10 22:47:32,124][__main__][INFO]:GerneralQuery is executed...
[2018-07-10 22:47:32,124][__main__][INFO]:opening a browser...
[2018-07-10 22:47:32,124][__main__][INFO]:saved index is:2885
[2018-07-10 22:59:17,344][__main__][INFO]:GerneralQuery is executed...
[2018-07-10 22:59:17,345][__main__][INFO]:opening a browser...
[2018-07-10 22:59:17,346][__main__][INFO]:saved index is:2885
[2018-07-10 22:59:34,887][__main__][INFO]:allKeyWords=[],years=['2018', '2017', '2016', '2015', '2014', '2013', '2012', '2011', '2010', '2009', '2008', '2007', '2006', '2005', '2004', '2003', '2002', '2001', '2000', '1999', '1998', '1997'],subjectCodeIds=['F0208', 'F020801', 'F020802', 'F020803', 'F020804', 'F020805', 'F020806', 'F020807', 'F020808', 'F020809'],grantCodes=['220', '218', '222', '339', '429', '432', '433', '649', '579', '630', '631', '632', '635', '51', '52', '2699', '70', '7161']
[2018-07-10 22:59:38,066][__main__][INFO]:2886,F020807,,432,2015
[2018-07-10 22:59:41,208][__main__][INFO]:2887,F020807,,432,2014
[2018-07-10 22:59:44,352][__main__][INFO]:2888,F020807,,432,2013
[2018-07-10 22:59:47,499][__main__][INFO]:2889,F020807,,432,2012
[2018-07-10 22:59:50,645][__main__][INFO]:2890,F020807,,432,2011
[2018-07-10 22:59:53,789][__main__][INFO]:2891,F020807,,432,2010
[2018-07-10 22:59:56,928][__main__][INFO]:2892,F020807,,432,2009
[2018-07-10 23:00:00,082][__main__][INFO]:2893,F020807,,432,2008
[2018-07-10 23:00:03,234][__main__][INFO]:2894,F020807,,432,2007
[2018-07-10 23:00:06,380][__main__][INFO]:2895,F020807,,432,2006
[2018-07-10 23:00:06,400][__main__][ERROR]:Timeout loading page. try again...
[2018-07-10 23:00:06,401][__main__][INFO]:restarting firefox...
[2018-07-10 23:00:23,103][__main__][INFO]:GerneralQuery is executed...
[2018-07-10 23:00:23,104][__main__][INFO]:opening a browser...
[2018-07-10 23:00:23,105][__main__][INFO]:saved index is:2895
[2018-07-10 23:02:13,111][__main__][INFO]:GerneralQuery is executed...
[2018-07-10 23:02:13,112][__main__][INFO]:opening a browser...
[2018-07-10 23:02:13,114][__main__][INFO]:saved index is:2895
[2018-07-10 23:02:29,491][__main__][INFO]:allKeyWords=[],years=['2018', '2017', '2016', '2015', '2014', '2013', '2012', '2011', '2010', '2009', '2008', '2007', '2006', '2005', '2004', '2003', '2002', '2001', '2000', '1999', '1998', '1997'],subjectCodeIds=['F0208', 'F020801', 'F020802', 'F020803', 'F020804', 'F020805', 'F020806', 'F020807', 'F020808', 'F020809'],grantCodes=['220', '218', '222', '339', '429', '432', '433', '649', '579', '630', '631', '632', '635', '51', '52', '2699', '70', '7161']
[2018-07-10 23:02:32,862][__main__][INFO]:2896,F020807,,432,2005
[2018-07-10 23:02:32,867][__main__][ERROR]:Timeout loading page. try again...
[2018-07-10 23:02:32,868][__main__][INFO]:restarting firefox...
[2018-07-10 23:20:05,892][__main__][INFO]:GerneralQuery is executed...
[2018-07-10 23:20:05,893][__main__][INFO]:opening a browser...
[2018-07-10 23:20:05,894][__main__][INFO]:saved index is:2896
[2018-07-10 23:20:10,323][__main__][INFO]:allKeyWords=[],years=['2018', '2017', '2016', '2015', '2014', '2013', '2012', '2011', '2010', '2009', '2008', '2007', '2006', '2005', '2004', '2003', '2002', '2001', '2000', '1999', '1998', '1997'],subjectCodeIds=['F0208', 'F020801', 'F020802', 'F020803', 'F020804', 'F020805', 'F020806', 'F020807', 'F020808', 'F020809'],grantCodes=['220', '218', '222', '339', '429', '432', '433', '649', '579', '630', '631', '632', '635', '51', '52', '2699', '70', '7161']
[2018-07-10 23:20:13,492][__main__][INFO]:2897,F020807,,432,2004
[2018-07-10 23:20:16,638][__main__][INFO]:2898,F020807,,432,2003
[2018-07-10 23:20:19,787][__main__][INFO]:2899,F020807,,432,2002
[2018-07-10 23:20:22,941][__main__][INFO]:2900,F020807,,432,2001
[2018-07-10 23:20:26,095][__main__][INFO]:2901,F020807,,432,2000
[2018-07-10 23:20:29,247][__main__][INFO]:2902,F020807,,432,1999
[2018-07-10 23:20:29,255][__main__][ERROR]:Timeout loading page. try again...
[2018-07-10 23:20:29,256][__main__][INFO]:restarting firefox...
[2018-07-10 23:20:37,859][__main__][INFO]:GerneralQuery is executed...
[2018-07-10 23:20:37,859][__main__][INFO]:opening a browser...
[2018-07-10 23:20:37,859][__main__][INFO]:saved index is:2902
[2018-07-10 23:20:43,396][__main__][INFO]:allKeyWords=[],years=['2018', '2017', '2016', '2015', '2014', '2013', '2012', '2011', '2010', '2009', '2008', '2007', '2006', '2005', '2004', '2003', '2002', '2001', '2000', '1999', '1998', '1997'],subjectCodeIds=['F0208', 'F020801', 'F020802', 'F020803', 'F020804', 'F020805', 'F020806', 'F020807', 'F020808', 'F020809'],grantCodes=['220', '218', '222', '339', '429', '432', '433', '649', '579', '630', '631', '632', '635', '51', '52', '2699', '70', '7161']
[2018-07-10 23:20:46,443][__main__][INFO]:2903,F020807,,432,1998
[2018-07-10 23:20:49,574][__main__][INFO]:2904,F020807,,432,1997
[2018-07-10 23:20:52,706][__main__][INFO]:2905,F020807,,433,2018
[2018-07-10 23:20:55,834][__main__][INFO]:2906,F020807,,433,2017
[2018-07-10 23:20:58,969][__main__][INFO]:2907,F020807,,433,2016
[2018-07-10 23:21:02,102][__main__][INFO]:2908,F020807,,433,2015
[2018-07-10 23:21:05,229][__main__][INFO]:2909,F020807,,433,2014
[2018-07-10 23:21:08,380][__main__][INFO]:2910,F020807,,433,2013
[2018-07-10 23:21:11,508][__main__][INFO]:2911,F020807,,433,2012
[2018-07-10 23:21:14,642][__main__][INFO]:2912,F020807,,433,2011
[2018-07-10 23:21:17,768][__main__][INFO]:2913,F020807,,433,2010
[2018-07-10 23:21:20,897][__main__][INFO]:2914,F020807,,433,2009
[2018-07-10 23:21:24,026][__main__][INFO]:2915,F020807,,433,2008
[2018-07-10 23:21:27,150][__main__][INFO]:2916,F020807,,433,2007
[2018-07-10 23:21:30,278][__main__][INFO]:2917,F020807,,433,2006
[2018-07-10 23:21:33,401][__main__][INFO]:2918,F020807,,433,2005
[2018-07-10 23:21:36,528][__main__][INFO]:2919,F020807,,433,2004
[2018-07-10 23:21:39,654][__main__][INFO]:2920,F020807,,433,2003
[2018-07-10 23:21:42,775][__main__][INFO]:2921,F020807,,433,2002
[2018-07-10 23:21:45,902][__main__][INFO]:2922,F020807,,433,2001
[2018-07-10 23:21:49,028][__main__][INFO]:2923,F020807,,433,2000
[2018-07-10 23:21:52,149][__main__][INFO]:2924,F020807,,433,1999
[2018-07-10 23:21:52,186][__main__][ERROR]:Timeout loading page. try again...
[2018-07-10 23:21:52,186][__main__][INFO]:restarting firefox...
[2018-07-10 23:23:07,728][__main__][INFO]:GerneralQuery is executed...
[2018-07-10 23:23:07,728][__main__][INFO]:opening a browser...
[2018-07-10 23:23:07,729][__main__][INFO]:saved index is:2924
[2018-07-10 23:23:12,633][__main__][INFO]:allKeyWords=[],years=['2018', '2017', '2016', '2015', '2014', '2013', '2012', '2011', '2010', '2009', '2008', '2007', '2006', '2005', '2004', '2003', '2002', '2001', '2000', '1999', '1998', '1997'],subjectCodeIds=['F0208', 'F020801', 'F020802', 'F020803', 'F020804', 'F020805', 'F020806', 'F020807', 'F020808', 'F020809'],grantCodes=['220', '218', '222', '339', '429', '432', '433', '649', '579', '630', '631', '632', '635', '51', '52', '2699', '70', '7161']
[2018-07-10 23:23:15,678][__main__][INFO]:2925,F020807,,433,1998
[2018-07-10 23:23:18,797][__main__][INFO]:2926,F020807,,433,1997
[2018-07-10 23:23:21,929][__main__][INFO]:2927,F020807,,649,2018
[2018-07-10 23:23:25,058][__main__][INFO]:2928,F020807,,649,2017
[2018-07-10 23:23:25,088][__main__][ERROR]:Timeout loading page. try again...
[2018-07-10 23:23:25,088][__main__][INFO]:restarting firefox...
[2018-07-10 23:36:29,305][__main__][INFO]:GerneralQuery is executed...
[2018-07-10 23:36:29,305][__main__][INFO]:opening a browser...
[2018-07-10 23:36:29,306][__main__][INFO]:saved index is:2928
[2018-07-10 23:36:34,479][__main__][INFO]:allKeyWords=[],years=['2018', '2017', '2016', '2015', '2014', '2013', '2012', '2011', '2010', '2009', '2008', '2007', '2006', '2005', '2004', '2003', '2002', '2001', '2000', '1999', '1998', '1997'],subjectCodeIds=['F0208', 'F020801', 'F020802', 'F020803', 'F020804', 'F020805', 'F020806', 'F020807', 'F020808', 'F020809'],grantCodes=['220', '218', '222', '339', '429', '432', '433', '649', '579', '630', '631', '632', '635', '51', '52', '2699', '70', '7161']
[2018-07-10 23:36:37,486][__main__][INFO]:2929,F020807,,649,2016
[2018-07-10 23:36:40,590][__main__][INFO]:2930,F020807,,649,2015
[2018-07-10 23:36:43,698][__main__][INFO]:2931,F020807,,649,2014
[2018-07-10 23:36:46,808][__main__][INFO]:2932,F020807,,649,2013
[2018-07-10 23:37:07,864][__main__][INFO]:GerneralQuery is executed...
[2018-07-10 23:37:07,865][__main__][INFO]:opening a browser...
[2018-07-10 23:37:07,865][__main__][INFO]:saved index is:2932
[2018-07-10 23:37:12,988][__main__][INFO]:allKeyWords=[],years=['2018', '2017', '2016', '2015', '2014', '2013', '2012', '2011', '2010', '2009', '2008', '2007', '2006', '2005', '2004', '2003', '2002', '2001', '2000', '1999', '1998', '1997'],subjectCodeIds=['F0208', 'F020801', 'F020802', 'F020803', 'F020804', 'F020805', 'F020806', 'F020807', 'F020808', 'F020809'],grantCodes=['220', '218', '222', '339', '429', '432', '433', '649', '579', '630', '631', '632', '635', '51', '52', '2699', '70', '7161']
[2018-07-10 23:37:15,990][__main__][INFO]:2933,F020807,,649,2012
[2018-07-10 23:37:19,095][__main__][INFO]:2934,F020807,,649,2011
[2018-07-10 23:37:22,200][__main__][INFO]:2935,F020807,,649,2010
[2018-07-10 23:37:41,143][__main__][INFO]:GerneralQuery is executed...
[2018-07-10 23:37:41,143][__main__][INFO]:opening a browser...
[2018-07-10 23:37:41,143][__main__][INFO]:saved index is:2935
[2018-07-10 23:37:46,365][__main__][INFO]:allKeyWords=[],years=['2018', '2017', '2016', '2015', '2014', '2013', '2012', '2011', '2010', '2009', '2008', '2007', '2006', '2005', '2004', '2003', '2002', '2001', '2000', '1999', '1998', '1997'],subjectCodeIds=['F0208', 'F020801', 'F020802', 'F020803', 'F020804', 'F020805', 'F020806', 'F020807', 'F020808', 'F020809'],grantCodes=['220', '218', '222', '339', '429', '432', '433', '649', '579', '630', '631', '632', '635', '51', '52', '2699', '70', '7161']
[2018-07-10 23:40:07,189][__main__][INFO]:2936,F020807,,649,2009
[2018-07-10 23:40:22,501][__main__][INFO]:2937,F020807,,649,2008
[2018-07-10 23:41:46,389][__main__][INFO]:2938,F020807,,649,2007
[2018-07-10 23:42:07,201][__main__][INFO]:2939,F020807,,649,2006
[2018-07-10 23:42:07,202][__main__][ERROR]:Timeout loading page. try again...
[2018-07-10 23:42:07,202][__main__][INFO]:restarting firefox...
[2018-07-10 23:42:13,132][__main__][INFO]:restart done
[2018-07-10 23:42:47,200][__main__][INFO]:GerneralQuery is executed...
[2018-07-10 23:42:47,201][__main__][INFO]:opening a browser...
[2018-07-10 23:42:47,201][__main__][INFO]:saved index is:2939
[2018-07-10 23:42:52,474][__main__][INFO]:allKeyWords=[],years=['2018', '2017', '2016', '2015', '2014', '2013', '2012', '2011', '2010', '2009', '2008', '2007', '2006', '2005', '2004', '2003', '2002', '2001', '2000', '1999', '1998', '1997'],subjectCodeIds=['F0208', 'F020801', 'F020802', 'F020803', 'F020804', 'F020805', 'F020806', 'F020807', 'F020808', 'F020809'],grantCodes=['220', '218', '222', '339', '429', '432', '433', '649', '579', '630', '631', '632', '635', '51', '52', '2699', '70', '7161']
[2018-07-10 23:43:24,090][__main__][INFO]:2940,F020807,,649,2005
[2018-07-10 23:43:24,091][__main__][ERROR]:Timeout loading page. try again...
[2018-07-10 23:43:24,091][__main__][INFO]:restarting firefox...
[2018-07-10 23:46:26,962][__main__][INFO]:GerneralQuery is executed...
[2018-07-10 23:46:26,962][__main__][INFO]:opening a browser...
[2018-07-10 23:46:26,962][__main__][INFO]:saved index is:2940
[2018-07-10 23:46:32,386][__main__][INFO]:allKeyWords=[],years=['2018', '2017', '2016', '2015', '2014', '2013', '2012', '2011', '2010', '2009', '2008', '2007', '2006', '2005', '2004', '2003', '2002', '2001', '2000', '1999', '1998', '1997'],subjectCodeIds=['F0208', 'F020801', 'F020802', 'F020803', 'F020804', 'F020805', 'F020806', 'F020807', 'F020808', 'F020809'],grantCodes=['220', '218', '222', '339', '429', '432', '433', '649', '579', '630', '631', '632', '635', '51', '52', '2699', '70', '7161']
[2018-07-10 23:46:49,547][__main__][INFO]:2941,F020807,,649,2004
[2018-07-10 23:47:10,462][__main__][INFO]:GerneralQuery is executed...
[2018-07-10 23:47:10,462][__main__][INFO]:opening a browser...
[2018-07-10 23:47:10,463][__main__][INFO]:saved index is:2941
[2018-07-10 23:47:15,138][__main__][INFO]:allKeyWords=[],years=['2018', '2017', '2016', '2015', '2014', '2013', '2012', '2011', '2010', '2009', '2008', '2007', '2006', '2005', '2004', '2003', '2002', '2001', '2000', '1999', '1998', '1997'],subjectCodeIds=['F0208', 'F020801', 'F020802', 'F020803', 'F020804', 'F020805', 'F020806', 'F020807', 'F020808', 'F020809'],grantCodes=['220', '218', '222', '339', '429', '432', '433', '649', '579', '630', '631', '632', '635', '51', '52', '2699', '70', '7161']
[2018-07-10 23:47:17,432][__main__][INFO]:2942,F020807,,649,2003
[2018-07-10 23:47:18,510][__main__][INFO]:2943,F020807,,649,2002
[2018-07-10 23:47:19,614][__main__][INFO]:2944,F020807,,649,2001
[2018-07-10 23:47:20,636][__main__][INFO]:2945,F020807,,649,2000
[2018-07-10 23:47:22,252][__main__][INFO]:2946,F020807,,649,1999
[2018-07-10 23:47:24,331][__main__][INFO]:2947,F020807,,649,1998
[2018-07-10 23:47:26,952][__main__][INFO]:2948,F020807,,649,1997
[2018-07-10 23:51:45,270][__main__][INFO]:GerneralQuery is executed...
[2018-07-10 23:51:45,270][__main__][INFO]:opening a browser...
[2018-07-10 23:51:45,271][__main__][INFO]:saved index is:2948
[2018-07-10 23:51:49,824][__main__][INFO]:allKeyWords=[],years=['2018', '2017', '2016', '2015', '2014', '2013', '2012', '2011', '2010', '2009', '2008', '2007', '2006', '2005', '2004', '2003', '2002', '2001', '2000', '1999', '1998', '1997'],subjectCodeIds=['F0208', 'F020801', 'F020802', 'F020803', 'F020804', 'F020805', 'F020806', 'F020807', 'F020808', 'F020809'],grantCodes=['220', '218', '222', '339', '429', '432', '433', '649', '579', '630', '631', '632', '635', '51', '52', '2699', '70', '7161']
[2018-07-10 23:51:50,624][__main__][INFO]:2949,F020807,,579,2018
[2018-07-10 23:51:56,022][__main__][INFO]:2950,F020807,,579,2017
[2018-07-10 23:51:56,026][__main__][ERROR]:Timeout loading page. try again...
[2018-07-10 23:51:56,026][__main__][INFO]:restarting firefox...
[2018-07-11 20:37:57,708][__main__][INFO]:GerneralQuery is executed...
[2018-07-11 20:37:57,710][__main__][INFO]:opening a browser...
[2018-07-11 20:37:57,712][__main__][INFO]:saved index is:2950
[2018-07-11 20:39:31,783][__main__][INFO]:GerneralQuery is executed...
[2018-07-11 20:39:31,784][__main__][INFO]:opening a browser...
[2018-07-11 20:39:31,786][__main__][INFO]:saved index is:2950
